2024-06-29 23:27:14,461 [INFO] Activator:176 - 


2024-06-29 23:27:14,463 [INFO] Activator:177 - !SESSION log4j initialized
2024-06-29 23:27:16,213 [ERROR] LogOutputStream:75 - [STDERR_REDIRECT] 
2024-06-29 23:27:17,154 [INFO] LogOutputStream:77 - [STDOUT_REDIRECT] 
2024-06-29 23:27:19,018 [INFO] LogOutputStream:77 - [STDOUT_REDIRECT] 
2024-06-29 23:27:20,569 [ERROR] LogOutputStream:75 - [STDERR_REDIRECT] [Fatal Error] :2:10: DOCTYPE is disallowed when the feature "http://apache.org/xml/features/disallow-doctype-decl" set to true.
2024-06-29 23:27:20,570 [ERROR] LogOutputStream:75 - [STDERR_REDIRECT] 
2024-06-29 23:27:22,351 [INFO] ApplicationProperties:184 - Using Application install path: /Applications/STM32CubeIDE.app/Contents/Eclipse/plugins/com.st.stm32cube.common.mx_6.10.0.202311202037
2024-06-29 23:27:22,396 [INFO] DbMcusXml:78 - Set database path to: /Applications/STM32CubeIDE.app/Contents/Eclipse/plugins/com.st.stm32cube.common.mx_6.10.0.202311202037//db//mcu/
2024-06-29 23:27:22,397 [INFO] ApiDb:274 - Set plugin database path to: /Applications/STM32CubeIDE.app/Contents/Eclipse/plugins/com.st.stm32cube.common.mx_6.10.0.202311202037//db//plugins/boardmanager/
2024-06-29 23:27:22,397 [WARN] ApiDb:259 - Overriding images path with different value:  => /Applications/STM32CubeIDE.app/Contents/Eclipse/plugins/com.st.stm32cube.common.mx_6.10.0.202311202037//db//plugins/mcufinder/images/
2024-06-29 23:27:22,420 [INFO] ApiDb:250 - Set database path to: /Users/sherlyhartono/.stmcufinder/plugins/mcufinder//mcu/
2024-06-29 23:27:22,420 [INFO] DbMcusAds:125 - Set database path to: /Users/sherlyhartono/.stmcufinder/plugins/mcufinder//mcu/
2024-06-29 23:27:22,421 [INFO] CrossReferenceDbSqlite:203 - Set database path to: /Users/sherlyhartono/.stmcufinder/plugins/mcufinder//mcu/cs/
2024-06-29 23:27:22,571 [INFO] RulesReader:64 - Compatibility file has been processed (297 Rules)
2024-06-29 23:27:22,637 [INFO] DbMcusXml:78 - Set database path to: /Applications/STM32CubeIDE.app/Contents/Eclipse/plugins/com.st.stm32cube.common.mx_6.10.0.202311202037//db//mcu/
2024-06-29 23:27:22,638 [INFO] ApiDb:274 - Set plugin database path to: /Applications/STM32CubeIDE.app/Contents/Eclipse/plugins/com.st.stm32cube.common.mx_6.10.0.202311202037//db//plugins/boardmanager/
2024-06-29 23:27:22,638 [INFO] ApiDb:261 - Set plugin images path to: /Applications/STM32CubeIDE.app/Contents/Eclipse/plugins/com.st.stm32cube.common.mx_6.10.0.202311202037//db//plugins/mcufinder/images/
2024-06-29 23:27:22,638 [WARN] DbFile:41 - Overriding database path with different value: /Users/sherlyhartono/.stmcufinder/plugins/mcufinder/ => /Users/sherlyhartono/.stmcufinder/plugins/mcufinder
2024-06-29 23:27:22,638 [INFO] ApiDb:250 - Set database path to: /Users/sherlyhartono/.stmcufinder/plugins/mcufinder//mcu/
2024-06-29 23:27:22,638 [WARN] DbFile:41 - Overriding database path with different value: /Users/sherlyhartono/.stmcufinder/plugins/mcufinder/ => /Users/sherlyhartono/.stmcufinder/plugins/mcufinder
2024-06-29 23:27:22,638 [INFO] DbMcusAds:125 - Set database path to: /Users/sherlyhartono/.stmcufinder/plugins/mcufinder//mcu/
2024-06-29 23:27:22,638 [WARN] DbFile:41 - Overriding database path with different value: /Users/sherlyhartono/.stmcufinder/plugins/mcufinder/ => /Users/sherlyhartono/.stmcufinder/plugins/mcufinder
2024-06-29 23:27:22,638 [WARN] DbFile:41 - Overriding database path with different value: /Users/sherlyhartono/.stmcufinder/plugins/mcufinder/ => /Users/sherlyhartono/.stmcufinder/plugins/mcufinder
2024-06-29 23:27:22,638 [INFO] CrossReferenceDbSqlite:203 - Set database path to: /Users/sherlyhartono/.stmcufinder/plugins/mcufinder//mcu/cs/
2024-06-29 23:27:22,721 [INFO] MainPanel:264 - HeapMemory: 285212672
2024-06-29 23:27:22,821 [INFO] DbMcusXml:78 - Set database path to: /Applications/STM32CubeIDE.app/Contents/Eclipse/plugins/com.st.stm32cube.common.mx_6.10.0.202311202037//db//mcu/
2024-06-29 23:27:22,822 [INFO] ApiDb:274 - Set plugin database path to: /Applications/STM32CubeIDE.app/Contents/Eclipse/plugins/com.st.stm32cube.common.mx_6.10.0.202311202037//db//plugins/boardmanager/
2024-06-29 23:27:22,822 [INFO] ApiDb:261 - Set plugin images path to: /Applications/STM32CubeIDE.app/Contents/Eclipse/plugins/com.st.stm32cube.common.mx_6.10.0.202311202037//db//plugins/mcufinder/images/
2024-06-29 23:27:22,822 [WARN] DbFile:41 - Overriding database path with different value: /Users/sherlyhartono/.stmcufinder/plugins/mcufinder/ => /Users/sherlyhartono/.stmcufinder/plugins/mcufinder
2024-06-29 23:27:22,822 [INFO] ApiDb:250 - Set database path to: /Users/sherlyhartono/.stmcufinder/plugins/mcufinder//mcu/
2024-06-29 23:27:22,822 [WARN] DbFile:41 - Overriding database path with different value: /Users/sherlyhartono/.stmcufinder/plugins/mcufinder/ => /Users/sherlyhartono/.stmcufinder/plugins/mcufinder
2024-06-29 23:27:22,822 [INFO] DbMcusAds:125 - Set database path to: /Users/sherlyhartono/.stmcufinder/plugins/mcufinder//mcu/
2024-06-29 23:27:22,822 [WARN] DbFile:41 - Overriding database path with different value: /Users/sherlyhartono/.stmcufinder/plugins/mcufinder/ => /Users/sherlyhartono/.stmcufinder/plugins/mcufinder
2024-06-29 23:27:22,822 [WARN] DbFile:41 - Overriding database path with different value: /Users/sherlyhartono/.stmcufinder/plugins/mcufinder/ => /Users/sherlyhartono/.stmcufinder/plugins/mcufinder
2024-06-29 23:27:22,823 [INFO] CrossReferenceDbSqlite:203 - Set database path to: /Users/sherlyhartono/.stmcufinder/plugins/mcufinder//mcu/cs/
2024-06-29 23:27:22,899 [INFO] ApplicationProperties:184 - Using Application install path: /Applications/STM32CubeIDE.app/Contents/Eclipse/plugins/com.st.stm32cube.common.mx_6.10.0.202311202037
2024-06-29 23:27:22,900 [INFO] PluginManage:196 - Search for loadable plugins [exclusion list=, ]
2024-06-29 23:27:22,902 [INFO] PluginManage:310 - Check plugin analytics
2024-06-29 23:27:23,101 [INFO] AnalyticsPlugin:253 - Accepted Software Licenses: 
2024-06-29 23:27:23,101 [INFO] AnalyticsPlugin:255 - Accepted CMSIS Pack Licenses: 
2024-06-29 23:27:23,102 [INFO] AnalyticsPlugin:257 - Accepted Firmware Licenses: FW.F4.1.27.0,FW.F4.1.28.0
2024-06-29 23:27:23,110 [INFO] PluginManage:359 - Loaded plugin analytics (category:tool,tabindex:-1)
2024-06-29 23:27:23,111 [INFO] PluginManage:310 - Check plugin cadmodel
2024-06-29 23:27:23,945 [INFO] CADModel:105 - Init CAD model plugin
2024-06-29 23:27:23,945 [INFO] PluginManage:359 - Loaded plugin cadmodel (category:power,tabindex:5)
2024-06-29 23:27:23,946 [INFO] PluginManage:310 - Check plugin clock
2024-06-29 23:27:23,958 [INFO] PluginManage:359 - Loaded plugin clock (category:base,tabindex:2)
2024-06-29 23:27:23,958 [INFO] PluginManage:310 - Check plugin ddr
2024-06-29 23:27:23,961 [INFO] PluginManage:359 - Loaded plugin ddr (category:tool,tabindex:6)
2024-06-29 23:27:23,961 [INFO] PluginManage:310 - Check plugin filemanager
2024-06-29 23:27:24,175 [INFO] PluginManage:359 - Loaded plugin filemanager (category:base,tabindex:10)
2024-06-29 23:27:24,176 [INFO] PluginManage:310 - Check plugin ipmanager
2024-06-29 23:27:24,191 [INFO] PluginManage:359 - Loaded plugin ipmanager (category:base,tabindex:5)
2024-06-29 23:27:24,192 [INFO] PluginManage:310 - Check plugin lpbam
2024-06-29 23:27:24,207 [INFO] PluginManage:359 - Loaded plugin lpbam (category:base,tabindex:0)
2024-06-29 23:27:24,208 [INFO] PluginManage:310 - Check plugin memorymap
2024-06-29 23:27:24,224 [INFO] PluginManage:359 - Loaded plugin memorymap (category:base,tabindex:4)
2024-06-29 23:27:24,224 [INFO] PluginManage:310 - Check plugin pinoutandconfiguration
2024-06-29 23:27:24,233 [INFO] PluginManage:359 - Loaded plugin pinoutandconfiguration (category:base,tabindex:1)
2024-06-29 23:27:24,233 [INFO] PluginManage:310 - Check plugin pinoutconfig
2024-06-29 23:27:24,323 [WARN] SupportedApi:132 - Cannot load RTOS API schema: s4s-elt-must-match.1: The content of 'definitions' must match (annotation?, (simpleType | complexType)?, (unique | key | keyref)*)). A problem was found starting at: attribute.
2024-06-29 23:27:24,616 [INFO] PluginManage:359 - Loaded plugin pinoutconfig (category:base,tabindex:0)
2024-06-29 23:27:24,618 [INFO] PluginManage:310 - Check plugin power
2024-06-29 23:27:24,637 [INFO] PluginManage:359 - Loaded plugin power (category:power,tabindex:4)
2024-06-29 23:27:24,638 [INFO] PluginManage:310 - Check plugin projectmanager
2024-06-29 23:27:24,674 [INFO] PluginManage:359 - Loaded plugin projectmanager (category:projectmanager,tabindex:3)
2024-06-29 23:27:24,674 [INFO] PluginManage:310 - Check plugin thirdparty
2024-06-29 23:27:24,827 [INFO] PluginManage:359 - Loaded plugin thirdparty (category:base,tabindex:-1)
2024-06-29 23:27:24,828 [INFO] PluginManage:310 - Check plugin tools
2024-06-29 23:27:24,827 [WARN] IntegrityCheckThread:84 - waiting for thirdparty lock release [integrity check]
2024-06-29 23:27:24,828 [INFO] IntegrityCheckThread:86 - entering critical section [integrity check]
2024-06-29 23:27:24,828 [INFO] ThirdPartyUpdaterWithRetryManager:70 - Updater plugin not ready yet. [1/15]
2024-06-29 23:27:24,830 [INFO] PluginManage:359 - Loaded plugin tools (category:base,tabindex:7)
2024-06-29 23:27:24,830 [INFO] PluginManage:310 - Check plugin tutovideos
2024-06-29 23:27:25,118 [INFO] PluginManage:359 - Loaded plugin tutovideos (category:base,tabindex:-1)
2024-06-29 23:27:25,120 [INFO] PluginManage:310 - Check plugin updater
2024-06-29 23:27:25,144 [INFO] PluginManage:359 - Loaded plugin updater (category:base,tabindex:12)
2024-06-29 23:27:25,144 [INFO] PluginManage:310 - Check plugin userauth
2024-06-29 23:27:25,151 [INFO] UserAuth:114 - Init User Auth plugin
2024-06-29 23:27:25,151 [INFO] PluginManage:359 - Loaded plugin userauth (category:base,tabindex:14)
2024-06-29 23:27:25,153 [INFO] PluginManage:283 - PluginManage : Loaded plugins [17]
2024-06-29 23:27:25,435 [INFO] PinOutPanel:1499 - setPackage(No Configuration,No Configuration)
2024-06-29 23:27:25,496 [INFO] CADModel:165 - CPN selected for project level
2024-06-29 23:27:25,496 [INFO] CADModel:114 - Register for checkConnection events
2024-06-29 23:27:25,506 [INFO] IPUIPlugin:80 - create IPUIPlugin
2024-06-29 23:27:25,506 [INFO] PluginManager:220 - loadIPPluginJar : add mdma
2024-06-29 23:27:25,510 [INFO] IPUIPlugin:80 - create IPUIPlugin
2024-06-29 23:27:25,511 [INFO] PluginManager:220 - loadIPPluginJar : add freertos
2024-06-29 23:27:25,513 [INFO] IPUIPlugin:80 - create IPUIPlugin
2024-06-29 23:27:25,513 [INFO] PluginManager:220 - loadIPPluginJar : add gic
2024-06-29 23:27:25,519 [INFO] IPUIPlugin:80 - create IPUIPlugin
2024-06-29 23:27:25,519 [INFO] PluginManager:220 - loadIPPluginJar : add adc
2024-06-29 23:27:25,521 [INFO] IPUIPlugin:80 - create IPUIPlugin
2024-06-29 23:27:25,521 [INFO] PluginManager:220 - loadIPPluginJar : add gtzc
2024-06-29 23:27:25,521 [INFO] IPUIPlugin:80 - create IPUIPlugin
2024-06-29 23:27:25,521 [INFO] PluginManager:220 - loadIPPluginJar : add quadspi
2024-06-29 23:27:25,524 [INFO] IPUIPlugin:80 - create IPUIPlugin
2024-06-29 23:27:25,524 [INFO] PluginManager:220 - loadIPPluginJar : add aes
2024-06-29 23:27:25,526 [INFO] IPUIPlugin:80 - create IPUIPlugin
2024-06-29 23:27:25,526 [INFO] PluginManager:220 - loadIPPluginJar : add pdm2pcm
2024-06-29 23:27:25,527 [INFO] IPUIPlugin:80 - create IPUIPlugin
2024-06-29 23:27:25,527 [INFO] PluginManager:220 - loadIPPluginJar : add hash
2024-06-29 23:27:25,527 [INFO] IPUIPlugin:80 - create IPUIPlugin
2024-06-29 23:27:25,528 [INFO] PluginManager:220 - loadIPPluginJar : add tim
2024-06-29 23:27:25,529 [INFO] IPUIPlugin:80 - create IPUIPlugin
2024-06-29 23:27:25,529 [INFO] PluginManager:220 - loadIPPluginJar : add tsc
2024-06-29 23:27:25,530 [INFO] IPUIPlugin:80 - create IPUIPlugin
2024-06-29 23:27:25,530 [INFO] PluginManager:220 - loadIPPluginJar : add ts
2024-06-29 23:27:25,532 [INFO] IPUIPlugin:80 - create IPUIPlugin
2024-06-29 23:27:25,532 [INFO] PluginManager:220 - loadIPPluginJar : add can
2024-06-29 23:27:25,533 [INFO] IPUIPlugin:80 - create IPUIPlugin
2024-06-29 23:27:25,533 [INFO] PluginManager:220 - loadIPPluginJar : add dma3
2024-06-29 23:27:25,534 [INFO] IPUIPlugin:80 - create IPUIPlugin
2024-06-29 23:27:25,534 [INFO] PluginManager:220 - loadIPPluginJar : add dfsdm
2024-06-29 23:27:25,535 [INFO] IPUIPlugin:80 - create IPUIPlugin
2024-06-29 23:27:25,536 [INFO] PluginManager:220 - loadIPPluginJar : add spi
2024-06-29 23:27:25,537 [INFO] IPUIPlugin:80 - create IPUIPlugin
2024-06-29 23:27:25,537 [INFO] PluginManager:220 - loadIPPluginJar : add gfxmmu
2024-06-29 23:27:25,538 [INFO] IPUIPlugin:80 - create IPUIPlugin
2024-06-29 23:27:25,538 [INFO] PluginManager:220 - loadIPPluginJar : add genericplugin
2024-06-29 23:27:25,539 [INFO] IPUIPlugin:80 - create IPUIPlugin
2024-06-29 23:27:25,539 [INFO] PluginManager:220 - loadIPPluginJar : add cryp
2024-06-29 23:27:25,541 [INFO] IPUIPlugin:80 - create IPUIPlugin
2024-06-29 23:27:25,541 [INFO] PluginManager:220 - loadIPPluginJar : add gpio
2024-06-29 23:27:25,542 [INFO] IPUIPlugin:80 - create IPUIPlugin
2024-06-29 23:27:25,542 [INFO] PluginManager:220 - loadIPPluginJar : add comp
2024-06-29 23:27:25,543 [INFO] IPUIPlugin:80 - create IPUIPlugin
2024-06-29 23:27:25,543 [INFO] PluginManager:220 - loadIPPluginJar : add tracer_emb
2024-06-29 23:27:25,544 [INFO] IPUIPlugin:80 - create IPUIPlugin
2024-06-29 23:27:25,545 [INFO] PluginManager:220 - loadIPPluginJar : add openamp
2024-06-29 23:27:25,547 [INFO] IPUIPlugin:80 - create IPUIPlugin
2024-06-29 23:27:25,547 [INFO] PluginManager:220 - loadIPPluginJar : add stm32_wpan
2024-06-29 23:27:25,550 [INFO] IPUIPlugin:80 - create IPUIPlugin
2024-06-29 23:27:25,553 [INFO] PluginManager:220 - loadIPPluginJar : add plateformsettings
2024-06-29 23:27:25,555 [INFO] IPUIPlugin:80 - create IPUIPlugin
2024-06-29 23:27:25,555 [INFO] PluginManager:220 - loadIPPluginJar : add ipddr
2024-06-29 23:27:25,556 [INFO] IPUIPlugin:80 - create IPUIPlugin
2024-06-29 23:27:25,556 [INFO] PluginManager:220 - loadIPPluginJar : add usart
2024-06-29 23:27:25,557 [INFO] IPUIPlugin:80 - create IPUIPlugin
2024-06-29 23:27:25,557 [INFO] PluginManager:220 - loadIPPluginJar : add ltdc
2024-06-29 23:27:25,559 [INFO] IPUIPlugin:80 - create IPUIPlugin
2024-06-29 23:27:25,560 [INFO] PluginManager:220 - loadIPPluginJar : add nvic
2024-06-29 23:27:25,560 [INFO] IPUIPlugin:80 - create IPUIPlugin
2024-06-29 23:27:25,560 [INFO] PluginManager:220 - loadIPPluginJar : add fatfs
2024-06-29 23:27:25,565 [INFO] IPUIPlugin:80 - create IPUIPlugin
2024-06-29 23:27:25,565 [INFO] PluginManager:220 - loadIPPluginJar : add linkedlist
2024-06-29 23:27:25,568 [INFO] IPUIPlugin:80 - create IPUIPlugin
2024-06-29 23:27:25,568 [INFO] PluginManager:220 - loadIPPluginJar : add dma
2024-06-29 23:27:25,570 [INFO] IPUIPlugin:80 - create IPUIPlugin
2024-06-29 23:27:25,570 [INFO] PluginManager:220 - loadIPPluginJar : add fmc
2024-06-29 23:27:25,571 [INFO] IPUIPlugin:80 - create IPUIPlugin
2024-06-29 23:27:25,572 [INFO] PluginManager:220 - loadIPPluginJar : add i2s
2024-06-29 23:27:25,572 [INFO] IPUIPlugin:80 - create IPUIPlugin
2024-06-29 23:27:25,573 [INFO] PluginManager:220 - loadIPPluginJar : add ucpd
2024-06-29 23:27:25,574 [INFO] IPUIPlugin:80 - create IPUIPlugin
2024-06-29 23:27:25,574 [INFO] PluginManager:220 - loadIPPluginJar : add lorawan
2024-06-29 23:27:25,575 [INFO] IPUIPlugin:80 - create IPUIPlugin
2024-06-29 23:27:25,575 [INFO] PluginManager:220 - loadIPPluginJar : add opamp
2024-06-29 23:27:25,576 [INFO] IPUIPlugin:80 - create IPUIPlugin
2024-06-29 23:27:25,576 [INFO] PluginManager:220 - loadIPPluginJar : add i3c
2024-06-29 23:27:25,578 [INFO] IPUIPlugin:80 - create IPUIPlugin
2024-06-29 23:27:25,578 [INFO] PluginManager:220 - loadIPPluginJar : add touchsensing
2024-06-29 23:27:25,580 [INFO] IPUIPlugin:80 - create IPUIPlugin
2024-06-29 23:27:25,580 [INFO] PluginManager:220 - loadIPPluginJar : add i2c
2024-06-29 23:27:25,583 [INFO] IPUIPlugin:80 - create IPUIPlugin
2024-06-29 23:27:25,583 [INFO] PluginManager:220 - loadIPPluginJar : add resmgrutility
2024-06-29 23:27:25,585 [INFO] IPUIPlugin:80 - create IPUIPlugin
2024-06-29 23:27:25,585 [INFO] PluginManager:220 - loadIPPluginJar : add sai
2024-06-29 23:27:25,587 [INFO] IPUIPlugin:80 - create IPUIPlugin
2024-06-29 23:27:25,587 [INFO] PluginManager:220 - loadIPPluginJar : add usbx
2024-06-29 23:27:25,696 [INFO] CADModel:165 - CPN selected for project level
2024-06-29 23:27:25,697 [INFO] CADModel:114 - Register for checkConnection events
2024-06-29 23:27:25,698 [FATAL] Updater:308 - Updater called before beeing initialized
2024-06-29 23:27:25,698 [ERROR] CADModel:125 - Updater not yet initialized, retry later 
2024-06-29 23:27:25,977 [INFO] CADModel:165 - CPN selected for project level
2024-06-29 23:27:25,978 [INFO] CADModel:114 - Register for checkConnection events
2024-06-29 23:27:25,979 [FATAL] Updater:308 - Updater called before beeing initialized
2024-06-29 23:27:25,979 [ERROR] CADModel:125 - Updater not yet initialized, retry later 
2024-06-29 23:27:25,981 [FATAL] Updater:308 - Updater called before beeing initialized
2024-06-29 23:27:26,119 [FATAL] Updater:308 - Updater called before beeing initialized
2024-06-29 23:27:26,124 [INFO] DbMcusAds:53 - JSON generation date=Thu May 16 04:22:00 CDT 2024 (1715851320852)
2024-06-29 23:27:26,124 [FATAL] Updater:308 - Updater called before beeing initialized
2024-06-29 23:27:26,170 [WARN] DetailPanel:346 - Failed to get advertising image, set to default
2024-06-29 23:27:26,248 [FATAL] Updater:308 - Updater called before beeing initialized
2024-06-29 23:27:26,249 [FATAL] Updater:308 - Updater called before beeing initialized
2024-06-29 23:27:26,249 [FATAL] Updater:308 - Updater called before beeing initialized
2024-06-29 23:27:26,249 [WARN] DetailPanel:346 - Failed to get advertising image, set to default
2024-06-29 23:27:26,250 [FATAL] Updater:308 - Updater called before beeing initialized
2024-06-29 23:27:26,327 [ERROR] Updater:1120 - MainUpdater not yet initialized. External WinMGr cannot be set.
2024-06-29 23:27:26,365 [INFO] Updater:1056 - Updater Version found : 6.10.0
2024-06-29 23:27:26,376 [INFO] ApplicationProperties:184 - Using Application install path: /Applications/STM32CubeIDE.app/Contents/Eclipse/plugins/com.st.stm32cube.common.mx_6.10.0.202311202037
2024-06-29 23:27:27,835 [INFO] ThirdPartyUpdaterWithRetryManager:70 - Updater plugin not ready yet. [2/15]
2024-06-29 23:27:28,927 [INFO] MainUpdater:2873 - connection check result : 10
2024-06-29 23:27:28,930 [INFO] MainUpdater:290 - Updater Check For Update Now.
2024-06-29 23:27:28,931 [INFO] MicroXplorer:498 - Change Database Version : DB.6.0.100
2024-06-29 23:27:28,940 [INFO] McuFinderGlobals:63 - Set McuFinder mode to 2 (CubeIDE integrated)
2024-06-29 23:27:29,316 [INFO] CheckServerUpdateThread:120 - End of CheckServer Thread
2024-06-29 23:27:29,621 [INFO] UserAuth:404 - Internet connection configuration mode: 1
2024-06-29 23:27:29,633 [INFO] JxBrowserEngine:152 - Initiate JxBrowser Engine with user profile folder
2024-06-29 23:27:30,993 [WARN] PackLoader:240 - Cannot read IP mode file for STMicroelectronics.FP-SNS-MOTENVWB1.1.4.0
2024-06-29 23:27:31,048 [WARN] PackLoader:240 - Cannot read IP mode file for STMicroelectronics.X-CUBE-SMBUS.2.1.0
2024-06-29 23:27:31,074 [WARN] PackLoader:240 - Cannot read IP mode file for STMicroelectronics.X-CUBE-TOUCHGFX.4.23.1
2024-06-29 23:27:31,077 [WARN] PackLoader:240 - Cannot read IP mode file for STMicroelectronics.X-CUBE-TOUCHGFX.4.23.0
2024-06-29 23:27:31,079 [WARN] PackLoader:240 - Cannot read IP mode file for STMicroelectronics.X-CUBE-TOUCHGFX.4.23.2
2024-06-29 23:27:31,138 [WARN] PackLoader:240 - Cannot read IP mode file for STMicroelectronics.X-CUBE-AZRTOS-F7.1.1.0
2024-06-29 23:27:31,180 [WARN] PackLoader:240 - Cannot read IP mode file for STMicroelectronics.FP-SNS-MOTENV1.4.3.2
2024-06-29 23:27:31,250 [WARN] PackLoader:240 - Cannot read IP mode file for STMicroelectronics.X-CUBE-BLE1.6.2.4
2024-06-29 23:27:31,285 [WARN] PackLoader:240 - Cannot read IP mode file for STMicroelectronics.FP-SNS-FLIGHT1.5.0.2
2024-06-29 23:27:31,329 [WARN] PackLoader:240 - Cannot read IP mode file for STMicroelectronics.X-CUBE-DISPLAY.3.0.0
2024-06-29 23:27:31,349 [WARN] PackLoader:240 - Cannot read IP mode file for STMicroelectronics.X-CUBE-BLE1.7.0.0
2024-06-29 23:27:31,379 [WARN] PackLoader:240 - Cannot read IP mode file for emotas.I-CUBE-CANOPEN.1.3.0
2024-06-29 23:27:31,393 [WARN] PackLoader:240 - Cannot read IP mode file for STMicroelectronics.X-CUBE-TOUCHGFX.4.22.0
2024-06-29 23:27:31,421 [WARN] PackLoader:240 - Cannot read IP mode file for STMicroelectronics.X-CUBE-BLEMGR.3.1.0
2024-06-29 23:27:31,438 [WARN] PackLoader:240 - Cannot read IP mode file for STMicroelectronics.FP-SNS-SMARTAG2.1.2.0
2024-06-29 23:27:31,473 [INFO] LogOutputStream:77 - [STDOUT_REDIRECT] 1 : Invalid condition id : UX_CORESTACK_Condition cause : null
2024-06-29 23:27:31,476 [INFO] LogOutputStream:77 - [STDOUT_REDIRECT] 1 : Invalid condition id : UX_CORESTACK_Condition cause : null
2024-06-29 23:27:31,478 [INFO] LogOutputStream:77 - [STDOUT_REDIRECT] 1 : Invalid condition id : UX_CORESTACK_Condition cause : null
2024-06-29 23:27:31,479 [INFO] LogOutputStream:77 - [STDOUT_REDIRECT] 1 : Invalid condition id : UX_CORESTACK_Condition cause : null
2024-06-29 23:27:31,479 [INFO] LogOutputStream:77 - [STDOUT_REDIRECT] 1 : Invalid condition id : UX_CORESTACK_Condition cause : null
2024-06-29 23:27:31,492 [WARN] PackLoader:240 - Cannot read IP mode file for STMicroelectronics.X-CUBE-AZRTOS-WL.2.0.0
2024-06-29 23:27:31,526 [WARN] PackLoader:240 - Cannot read IP mode file for STMicroelectronics.FP-SNS-MOTENV1.5.0.0
2024-06-29 23:27:31,542 [WARN] PackLoader:240 - Cannot read IP mode file for wolfSSL.I-CUBE-wolfMQTT.1.19.0
2024-06-29 23:27:31,554 [WARN] PackLoader:240 - Cannot read IP mode file for WES.I-CUBE-Cesium.1.3.0
2024-06-29 23:27:31,567 [WARN] PackLoader:240 - Cannot read IP mode file for STMicroelectronics.X-CUBE-BLE2.3.3.0
2024-06-29 23:27:31,594 [WARN] PackLoader:240 - Cannot read IP mode file for STMicroelectronics.X-CUBE-TCPP.4.1.0
2024-06-29 23:27:31,660 [WARN] PackLoader:240 - Cannot read IP mode file for STMicroelectronics.X-CUBE-ALGOBUILD.1.3.0
2024-06-29 23:27:31,702 [WARN] PackLoader:240 - Cannot read IP mode file for STMicroelectronics.X-CUBE-AZRTOS-G0.1.1.0
2024-06-29 23:27:31,731 [WARN] PackLoader:240 - Cannot read IP mode file for STMicroelectronics.X-CUBE-SAFEA1.1.2.2
2024-06-29 23:27:31,748 [WARN] PackLoader:240 - Cannot read IP mode file for STMicroelectronics.X-CUBE-NFC4.3.0.0
2024-06-29 23:27:31,785 [WARN] PackLoader:240 - Cannot read IP mode file for STMicroelectronics.X-CUBE-BLEMGR.3.0.0
2024-06-29 23:27:31,793 [WARN] PackLoader:240 - Cannot read IP mode file for STMicroelectronics.FP-ATR-SIGFOX1.3.2.0
2024-06-29 23:27:31,808 [WARN] PackLoader:240 - Cannot read IP mode file for STMicroelectronics.X-CUBE-EEPRMA1.5.1.0
2024-06-29 23:27:31,914 [WARN] PackLoader:240 - Cannot read IP mode file for SEGGER.I-CUBE-embOS.1.3.1
2024-06-29 23:27:32,060 [WARN] PackLoader:240 - Cannot read IP mode file for STMicroelectronics.X-CUBE-ALGOBUILD.1.4.0
2024-06-29 23:27:32,101 [WARN] PackLoader:240 - Cannot read IP mode file for STMicroelectronics.X-CUBE-GNSS1.6.0.0
2024-06-29 23:27:32,219 [WARN] PackLoader:240 - Cannot read IP mode file for STMicroelectronics.X-CUBE-AZRTOS-F4.1.1.0
2024-06-29 23:27:32,257 [WARN] PackLoader:240 - Cannot read IP mode file for wolfSSL.I-CUBE-wolfSSL.5.6.3
2024-06-29 23:27:32,270 [WARN] PackLoader:240 - Cannot read IP mode file for STMicroelectronics.X-CUBE-FREERTOS.1.2.0
2024-06-29 23:27:32,325 [WARN] PackLoader:240 - Cannot read IP mode file for STMicroelectronics.X-CUBE-AZRTOS-L5.2.0.0
2024-06-29 23:27:32,422 [WARN] PackLoader:240 - Cannot read IP mode file for STMicroelectronics.X-CUBE-MEMS1.9.6.0
2024-06-29 23:27:32,557 [WARN] PackLoader:240 - Cannot read IP mode file for STMicroelectronics.X-CUBE-EEPRMA1.4.2.0
2024-06-29 23:27:32,583 [WARN] PackLoader:240 - Cannot read IP mode file for STMicroelectronics.X-CUBE-NFC6.3.1.0
2024-06-29 23:27:32,594 [WARN] PackLoader:240 - Cannot read IP mode file for ITTIA_DB.I-CUBE-ITTIADB.8.8.0
2024-06-29 23:27:32,629 [WARN] PackLoader:240 - Cannot read IP mode file for STMicroelectronics.X-CUBE-BLEMGR.2.0.0
2024-06-29 23:27:32,646 [WARN] PackLoader:240 - Cannot read IP mode file for STMicroelectronics.X-CUBE-AI.9.0.0
2024-06-29 23:27:32,687 [WARN] ConditionMgr:438 - getConditionDescription Invalid condition id : UX DEVICE CLASS RTOS Condition cause : null
2024-06-29 23:27:32,688 [WARN] ConditionMgr:438 - getConditionDescription Invalid condition id : UX DEVICE CLASS RTOS Condition cause : null
2024-06-29 23:27:32,696 [WARN] PackLoader:240 - Cannot read IP mode file for STMicroelectronics.X-CUBE-AZRTOS-H7.3.1.0
2024-06-29 23:27:32,702 [WARN] ConditionMgr:1039 - genDependencies : Invalid condition id : UX DEVICE CLASS RTOS Condition cause : null
2024-06-29 23:27:32,702 [WARN] ConditionMgr:1039 - genDependencies : Invalid condition id : UX DEVICE CLASS RTOS Condition cause : null
2024-06-29 23:27:32,704 [WARN] ConditionMgr:1039 - genDependencies : Invalid condition id : UX DEVICE CLASS RTOS Condition cause : null
2024-06-29 23:27:32,705 [WARN] ConditionMgr:1039 - genDependencies : Invalid condition id : UX DEVICE CLASS RTOS Condition cause : null
2024-06-29 23:27:32,705 [WARN] ConditionMgr:1039 - genDependencies : Invalid condition id : UX DEVICE CLASS RTOS Condition cause : null
2024-06-29 23:27:32,739 [WARN] PackLoader:240 - Cannot read IP mode file for STMicroelectronics.X-CUBE-NFC7.1.0.1
2024-06-29 23:27:32,764 [WARN] PackLoader:240 - Cannot read IP mode file for STMicroelectronics.X-CUBE-NFC6.3.0.0
2024-06-29 23:27:32,775 [WARN] PackLoader:240 - Cannot read IP mode file for STMicroelectronics.X-CUBE-EEPRMA1.4.1.0
2024-06-29 23:27:32,787 [WARN] PackLoader:240 - Cannot read IP mode file for STMicroelectronics.X-CUBE-AI.8.1.0
2024-06-29 23:27:32,822 [WARN] ConditionMgr:438 - getConditionDescription Invalid condition id : LAN8742 Phy interface Condition cause : null
2024-06-29 23:27:32,823 [WARN] PackLoader:240 - Cannot read IP mode file for STMicroelectronics.X-CUBE-AZRTOS-L4.2.0.0
2024-06-29 23:27:32,826 [WARN] ConditionMgr:1039 - genDependencies : Invalid condition id : LAN8742 Phy interface Condition cause : null
2024-06-29 23:27:32,826 [WARN] ConditionMgr:1039 - genDependencies : Invalid condition id : LAN8742 Phy interface Condition cause : null
2024-06-29 23:27:32,828 [WARN] ConditionMgr:1039 - genDependencies : Invalid condition id : LAN8742 Phy interface Condition cause : null
2024-06-29 23:27:32,841 [WARN] PackLoader:240 - Cannot read IP mode file for STMicroelectronics.X-CUBE-SFXS2LP1.4.0.0
2024-06-29 23:27:32,847 [WARN] PackLoader:240 - Cannot read IP mode file for STMicroelectronics.X-CUBE-ISPU.1.1.0
2024-06-29 23:27:32,862 [WARN] ConditionMgr:438 - getConditionDescription Invalid condition id : UX DEVICE CLASS RTOS Condition cause : null
2024-06-29 23:27:32,862 [WARN] ConditionMgr:438 - getConditionDescription Invalid condition id : UX DEVICE CLASS RTOS Condition cause : null
2024-06-29 23:27:32,868 [WARN] PackLoader:240 - Cannot read IP mode file for STMicroelectronics.X-CUBE-AZRTOS-WB.2.0.0
2024-06-29 23:27:32,874 [WARN] ConditionMgr:1039 - genDependencies : Invalid condition id : UX DEVICE CLASS RTOS Condition cause : null
2024-06-29 23:27:32,875 [WARN] ConditionMgr:1039 - genDependencies : Invalid condition id : UX DEVICE CLASS RTOS Condition cause : null
2024-06-29 23:27:32,876 [WARN] ConditionMgr:1039 - genDependencies : Invalid condition id : UX DEVICE CLASS RTOS Condition cause : null
2024-06-29 23:27:32,877 [WARN] ConditionMgr:1039 - genDependencies : Invalid condition id : UX DEVICE CLASS RTOS Condition cause : null
2024-06-29 23:27:32,878 [WARN] ConditionMgr:1039 - genDependencies : Invalid condition id : UX DEVICE CLASS RTOS Condition cause : null
2024-06-29 23:27:32,884 [WARN] PackLoader:240 - Cannot read IP mode file for STMicroelectronics.X-CUBE-FREERTOS.1.0.1
2024-06-29 23:27:32,903 [WARN] PackLoader:240 - Cannot read IP mode file for STMicroelectronics.X-CUBE-AZRTOS-L5.1.1.0
2024-06-29 23:27:32,913 [WARN] PackLoader:240 - Cannot read IP mode file for STMicroelectronics.X-CUBE-AI.8.0.1
2024-06-29 23:27:32,929 [WARN] PackLoader:240 - Cannot read IP mode file for STMicroelectronics.X-CUBE-SUBG2.5.0.0
2024-06-29 23:27:32,944 [WARN] PackLoader:240 - Cannot read IP mode file for Cesanta.I-CUBE-Mongoose.7.13.0
2024-06-29 23:27:32,958 [WARN] PackLoader:240 - Cannot read IP mode file for STMicroelectronics.X-CUBE-TOF1.3.3.1
2024-06-29 23:27:32,997 [WARN] PackLoader:240 - Cannot read IP mode file for STMicroelectronics.X-CUBE-AZRTOS-G4.2.0.0
2024-06-29 23:27:33,032 [WARN] PackLoader:240 - Cannot read IP mode file for Infineon.AIROC-Wi-Fi-Bluetooth-STM32.1.5.1
2024-06-29 23:27:33,041 [WARN] PackLoader:240 - Cannot read IP mode file for STMicroelectronics.FP-SNS-MOTENVWB1.1.3.1
2024-06-29 23:27:33,045 [WARN] PackLoader:240 - Cannot read IP mode file for STMicroelectronics.X-CUBE-ISPU.2.0.0
2024-06-29 23:27:33,050 [WARN] PackLoader:240 - Cannot read IP mode file for STMicroelectronics.X-CUBE-ALS.1.0.2
2024-06-29 23:27:33,116 [WARN] PackLoader:240 - Cannot read IP mode file for STMicroelectronics.X-CUBE-MEMS1.10.0.0
2024-06-29 23:27:33,275 [WARN] PackLoader:240 - Cannot read IP mode file for STMicroelectronics.X-CUBE-FREERTOS.1.1.0
2024-06-29 23:27:33,281 [WARN] PackLoader:240 - Cannot read IP mode file for STMicroelectronics.X-CUBE-TOUCHGFX.4.24.0
2024-06-29 23:27:33,291 [WARN] PackLoader:240 - Cannot read IP mode file for portGmbH.I-Cube-SoM-uGOAL.1.1.0
2024-06-29 23:27:33,298 [WARN] PackLoader:240 - Cannot read IP mode file for STMicroelectronics.X-CUBE-ALS.1.0.1
2024-06-29 23:27:33,318 [WARN] PackLoader:240 - Cannot read IP mode file for STMicroelectronics.X-CUBE-AZRTOS-WB.1.1.0
2024-06-29 23:27:33,353 [WARN] PackLoader:240 - Cannot read IP mode file for STMicroelectronics.X-CUBE-AZRTOS-H7RS.1.0.0
2024-06-29 23:27:33,365 [WARN] PackLoader:240 - Cannot read IP mode file for STMicroelectronics.FP-ATR-ASTRA1.2.0.0
2024-06-29 23:27:33,377 [WARN] PackLoader:240 - Cannot read IP mode file for STMicroelectronics.X-CUBE-TOF1.3.4.0
2024-06-29 23:27:33,423 [WARN] PackLoader:240 - Cannot read IP mode file for STMicroelectronics.X-CUBE-TOF1.3.4.1
2024-06-29 23:27:33,462 [WARN] PackLoader:240 - Cannot read IP mode file for STMicroelectronics.X-CUBE-AZRTOS-H7.3.2.0
2024-06-29 23:27:33,474 [INFO] ThirdParty:978 - Integrity check success = true
2024-06-29 23:27:33,475 [INFO] IntegrityCheckThread:100 - exiting critical section [integrity check]
2024-06-29 23:27:33,475 [INFO] IntegrityCheckThread:103 - End integrity checks thread
2024-06-29 23:27:35,712 [INFO] WebApp:161 - Instantiating new browser for Auth
2024-06-29 23:27:37,311 [INFO] WebApp:780 - Register for checkConnection events
2024-06-29 23:27:37,312 [INFO] WebApp:414 - Apply proxy settings
2024-06-29 23:27:37,337 [INFO] WebApp:459 - Chromium authenticates against Manually configured proxy
2024-06-29 23:27:37,379 [INFO] WebApp:467 - Username used for proxy authentication: 
2024-06-29 23:27:37,646 [INFO] WebApp:192 - Starting web application
2024-06-29 23:27:37,646 [INFO] WebApp:544 - Web application path used /Applications/STM32CubeIDE.app/Contents/Eclipse/plugins/com.st.stm32cube.common.mx_6.10.0.202311202037/db/plugins/mcufinder/reactClient1/index.html
2024-06-29 23:27:59,289 [ERROR] LogOutputStream:75 - [STDERR_REDIRECT] SLF4J: Failed to load class "org.slf4j.impl.StaticLoggerBinder".
2024-06-29 23:27:59,293 [ERROR] LogOutputStream:75 - [STDERR_REDIRECT] SLF4J: Defaulting to no-operation (NOP) logger implementation
2024-06-29 23:27:59,293 [ERROR] LogOutputStream:75 - [STDERR_REDIRECT] SLF4J: See http://www.slf4j.org/codes.html#StaticLoggerBinder for further details.
2024-06-29 23:30:27,004 [INFO] Activator:176 - 


2024-06-29 23:30:27,006 [INFO] Activator:177 - !SESSION log4j initialized
2024-06-29 23:30:31,886 [ERROR] LogOutputStream:75 - [STDERR_REDIRECT] 
2024-06-29 23:30:32,359 [INFO] LogOutputStream:77 - [STDOUT_REDIRECT] 
2024-06-29 23:30:34,086 [INFO] LogOutputStream:77 - [STDOUT_REDIRECT] 
2024-06-29 23:30:35,079 [INFO] ApplicationProperties:184 - Using Application install path: /Applications/STM32CubeIDE.app/Contents/Eclipse/plugins/com.st.stm32cube.common.mx_6.10.0.202311202037
2024-06-29 23:30:35,094 [INFO] DbMcusXml:78 - Set database path to: /Applications/STM32CubeIDE.app/Contents/Eclipse/plugins/com.st.stm32cube.common.mx_6.10.0.202311202037//db//mcu/
2024-06-29 23:30:35,094 [INFO] ApiDb:274 - Set plugin database path to: /Applications/STM32CubeIDE.app/Contents/Eclipse/plugins/com.st.stm32cube.common.mx_6.10.0.202311202037//db//plugins/boardmanager/
2024-06-29 23:30:35,096 [WARN] ApiDb:259 - Overriding images path with different value:  => /Applications/STM32CubeIDE.app/Contents/Eclipse/plugins/com.st.stm32cube.common.mx_6.10.0.202311202037//db//plugins/mcufinder/images/
2024-06-29 23:30:35,103 [INFO] ApiDb:250 - Set database path to: /Users/sherlyhartono/.stmcufinder/plugins/mcufinder//mcu/
2024-06-29 23:30:35,104 [INFO] DbMcusAds:125 - Set database path to: /Users/sherlyhartono/.stmcufinder/plugins/mcufinder//mcu/
2024-06-29 23:30:35,105 [INFO] CrossReferenceDbSqlite:203 - Set database path to: /Users/sherlyhartono/.stmcufinder/plugins/mcufinder//mcu/cs/
2024-06-29 23:30:35,345 [INFO] RulesReader:64 - Compatibility file has been processed (297 Rules)
2024-06-29 23:30:35,478 [INFO] DbMcusXml:78 - Set database path to: /Applications/STM32CubeIDE.app/Contents/Eclipse/plugins/com.st.stm32cube.common.mx_6.10.0.202311202037//db//mcu/
2024-06-29 23:30:35,479 [INFO] ApiDb:274 - Set plugin database path to: /Applications/STM32CubeIDE.app/Contents/Eclipse/plugins/com.st.stm32cube.common.mx_6.10.0.202311202037//db//plugins/boardmanager/
2024-06-29 23:30:35,488 [INFO] ApiDb:261 - Set plugin images path to: /Applications/STM32CubeIDE.app/Contents/Eclipse/plugins/com.st.stm32cube.common.mx_6.10.0.202311202037//db//plugins/mcufinder/images/
2024-06-29 23:30:35,490 [WARN] DbFile:41 - Overriding database path with different value: /Users/sherlyhartono/.stmcufinder/plugins/mcufinder/ => /Users/sherlyhartono/.stmcufinder/plugins/mcufinder
2024-06-29 23:30:35,490 [INFO] ApiDb:250 - Set database path to: /Users/sherlyhartono/.stmcufinder/plugins/mcufinder//mcu/
2024-06-29 23:30:35,490 [WARN] DbFile:41 - Overriding database path with different value: /Users/sherlyhartono/.stmcufinder/plugins/mcufinder/ => /Users/sherlyhartono/.stmcufinder/plugins/mcufinder
2024-06-29 23:30:35,490 [INFO] DbMcusAds:125 - Set database path to: /Users/sherlyhartono/.stmcufinder/plugins/mcufinder//mcu/
2024-06-29 23:30:35,490 [WARN] DbFile:41 - Overriding database path with different value: /Users/sherlyhartono/.stmcufinder/plugins/mcufinder/ => /Users/sherlyhartono/.stmcufinder/plugins/mcufinder
2024-06-29 23:30:35,490 [WARN] DbFile:41 - Overriding database path with different value: /Users/sherlyhartono/.stmcufinder/plugins/mcufinder/ => /Users/sherlyhartono/.stmcufinder/plugins/mcufinder
2024-06-29 23:30:35,491 [INFO] CrossReferenceDbSqlite:203 - Set database path to: /Users/sherlyhartono/.stmcufinder/plugins/mcufinder//mcu/cs/
2024-06-29 23:30:35,623 [INFO] MainPanel:264 - HeapMemory: 268435456
2024-06-29 23:30:35,774 [INFO] DbMcusXml:78 - Set database path to: /Applications/STM32CubeIDE.app/Contents/Eclipse/plugins/com.st.stm32cube.common.mx_6.10.0.202311202037//db//mcu/
2024-06-29 23:30:35,774 [INFO] ApiDb:274 - Set plugin database path to: /Applications/STM32CubeIDE.app/Contents/Eclipse/plugins/com.st.stm32cube.common.mx_6.10.0.202311202037//db//plugins/boardmanager/
2024-06-29 23:30:35,775 [INFO] ApiDb:261 - Set plugin images path to: /Applications/STM32CubeIDE.app/Contents/Eclipse/plugins/com.st.stm32cube.common.mx_6.10.0.202311202037//db//plugins/mcufinder/images/
2024-06-29 23:30:35,775 [WARN] DbFile:41 - Overriding database path with different value: /Users/sherlyhartono/.stmcufinder/plugins/mcufinder/ => /Users/sherlyhartono/.stmcufinder/plugins/mcufinder
2024-06-29 23:30:35,775 [INFO] ApiDb:250 - Set database path to: /Users/sherlyhartono/.stmcufinder/plugins/mcufinder//mcu/
2024-06-29 23:30:35,775 [WARN] DbFile:41 - Overriding database path with different value: /Users/sherlyhartono/.stmcufinder/plugins/mcufinder/ => /Users/sherlyhartono/.stmcufinder/plugins/mcufinder
2024-06-29 23:30:35,775 [INFO] DbMcusAds:125 - Set database path to: /Users/sherlyhartono/.stmcufinder/plugins/mcufinder//mcu/
2024-06-29 23:30:35,775 [WARN] DbFile:41 - Overriding database path with different value: /Users/sherlyhartono/.stmcufinder/plugins/mcufinder/ => /Users/sherlyhartono/.stmcufinder/plugins/mcufinder
2024-06-29 23:30:35,775 [WARN] DbFile:41 - Overriding database path with different value: /Users/sherlyhartono/.stmcufinder/plugins/mcufinder/ => /Users/sherlyhartono/.stmcufinder/plugins/mcufinder
2024-06-29 23:30:35,776 [INFO] CrossReferenceDbSqlite:203 - Set database path to: /Users/sherlyhartono/.stmcufinder/plugins/mcufinder//mcu/cs/
2024-06-29 23:30:35,795 [INFO] ApplicationProperties:184 - Using Application install path: /Applications/STM32CubeIDE.app/Contents/Eclipse/plugins/com.st.stm32cube.common.mx_6.10.0.202311202037
2024-06-29 23:30:35,796 [INFO] PluginManage:196 - Search for loadable plugins [exclusion list=, ]
2024-06-29 23:30:35,798 [INFO] PluginManage:310 - Check plugin analytics
2024-06-29 23:30:35,862 [ERROR] LogOutputStream:75 - [STDERR_REDIRECT] [Fatal Error] :2:10: DOCTYPE is disallowed when the feature "http://apache.org/xml/features/disallow-doctype-decl" set to true.
2024-06-29 23:30:35,864 [ERROR] LogOutputStream:75 - [STDERR_REDIRECT] 
2024-06-29 23:30:36,145 [INFO] AnalyticsPlugin:253 - Accepted Software Licenses: 
2024-06-29 23:30:36,148 [INFO] AnalyticsPlugin:255 - Accepted CMSIS Pack Licenses: 
2024-06-29 23:30:36,148 [INFO] AnalyticsPlugin:257 - Accepted Firmware Licenses: FW.F4.1.27.0,FW.F4.1.28.0
2024-06-29 23:30:36,191 [INFO] PluginManage:359 - Loaded plugin analytics (category:tool,tabindex:-1)
2024-06-29 23:30:36,193 [INFO] PluginManage:310 - Check plugin cadmodel
2024-06-29 23:30:36,946 [INFO] CADModel:105 - Init CAD model plugin
2024-06-29 23:30:36,947 [INFO] PluginManage:359 - Loaded plugin cadmodel (category:power,tabindex:5)
2024-06-29 23:30:36,947 [INFO] PluginManage:310 - Check plugin clock
2024-06-29 23:30:36,963 [INFO] PluginManage:359 - Loaded plugin clock (category:base,tabindex:2)
2024-06-29 23:30:36,963 [INFO] PluginManage:310 - Check plugin ddr
2024-06-29 23:30:36,965 [INFO] PluginManage:359 - Loaded plugin ddr (category:tool,tabindex:6)
2024-06-29 23:30:36,965 [INFO] PluginManage:310 - Check plugin filemanager
2024-06-29 23:30:37,133 [INFO] PluginManage:359 - Loaded plugin filemanager (category:base,tabindex:10)
2024-06-29 23:30:37,133 [INFO] PluginManage:310 - Check plugin ipmanager
2024-06-29 23:30:37,141 [INFO] PluginManage:359 - Loaded plugin ipmanager (category:base,tabindex:5)
2024-06-29 23:30:37,141 [INFO] PluginManage:310 - Check plugin lpbam
2024-06-29 23:30:37,169 [INFO] PluginManage:359 - Loaded plugin lpbam (category:base,tabindex:0)
2024-06-29 23:30:37,171 [INFO] PluginManage:310 - Check plugin memorymap
2024-06-29 23:30:37,232 [INFO] PluginManage:359 - Loaded plugin memorymap (category:base,tabindex:4)
2024-06-29 23:30:37,269 [INFO] PluginManage:310 - Check plugin pinoutandconfiguration
2024-06-29 23:30:37,318 [INFO] PluginManage:359 - Loaded plugin pinoutandconfiguration (category:base,tabindex:1)
2024-06-29 23:30:37,319 [INFO] PluginManage:310 - Check plugin pinoutconfig
2024-06-29 23:30:37,450 [WARN] SupportedApi:132 - Cannot load RTOS API schema: s4s-elt-must-match.1: The content of 'definitions' must match (annotation?, (simpleType | complexType)?, (unique | key | keyref)*)). A problem was found starting at: attribute.
2024-06-29 23:30:37,618 [INFO] PluginManage:359 - Loaded plugin pinoutconfig (category:base,tabindex:0)
2024-06-29 23:30:37,619 [INFO] PluginManage:310 - Check plugin power
2024-06-29 23:30:37,635 [INFO] PluginManage:359 - Loaded plugin power (category:power,tabindex:4)
2024-06-29 23:30:37,635 [INFO] PluginManage:310 - Check plugin projectmanager
2024-06-29 23:30:37,680 [INFO] PluginManage:359 - Loaded plugin projectmanager (category:projectmanager,tabindex:3)
2024-06-29 23:30:37,680 [INFO] PluginManage:310 - Check plugin thirdparty
2024-06-29 23:30:37,849 [INFO] PluginManage:359 - Loaded plugin thirdparty (category:base,tabindex:-1)
2024-06-29 23:30:37,849 [INFO] PluginManage:310 - Check plugin tools
2024-06-29 23:30:37,849 [WARN] IntegrityCheckThread:84 - waiting for thirdparty lock release [integrity check]
2024-06-29 23:30:37,851 [INFO] IntegrityCheckThread:86 - entering critical section [integrity check]
2024-06-29 23:30:37,852 [INFO] ThirdPartyUpdaterWithRetryManager:70 - Updater plugin not ready yet. [1/15]
2024-06-29 23:30:37,854 [INFO] PluginManage:359 - Loaded plugin tools (category:base,tabindex:7)
2024-06-29 23:30:37,854 [INFO] PluginManage:310 - Check plugin tutovideos
2024-06-29 23:30:38,007 [INFO] PluginManage:359 - Loaded plugin tutovideos (category:base,tabindex:-1)
2024-06-29 23:30:38,008 [INFO] PluginManage:310 - Check plugin updater
2024-06-29 23:30:38,021 [INFO] PluginManage:359 - Loaded plugin updater (category:base,tabindex:12)
2024-06-29 23:30:38,022 [INFO] PluginManage:310 - Check plugin userauth
2024-06-29 23:30:38,026 [INFO] UserAuth:114 - Init User Auth plugin
2024-06-29 23:30:38,026 [INFO] PluginManage:359 - Loaded plugin userauth (category:base,tabindex:14)
2024-06-29 23:30:38,027 [INFO] PluginManage:283 - PluginManage : Loaded plugins [17]
2024-06-29 23:30:38,265 [INFO] PinOutPanel:1499 - setPackage(No Configuration,No Configuration)
2024-06-29 23:30:38,319 [INFO] CADModel:165 - CPN selected for project level
2024-06-29 23:30:38,320 [INFO] CADModel:114 - Register for checkConnection events
2024-06-29 23:30:38,328 [INFO] IPUIPlugin:80 - create IPUIPlugin
2024-06-29 23:30:38,329 [INFO] PluginManager:220 - loadIPPluginJar : add mdma
2024-06-29 23:30:38,333 [INFO] IPUIPlugin:80 - create IPUIPlugin
2024-06-29 23:30:38,334 [INFO] PluginManager:220 - loadIPPluginJar : add freertos
2024-06-29 23:30:38,336 [INFO] IPUIPlugin:80 - create IPUIPlugin
2024-06-29 23:30:38,337 [INFO] PluginManager:220 - loadIPPluginJar : add gic
2024-06-29 23:30:38,343 [INFO] IPUIPlugin:80 - create IPUIPlugin
2024-06-29 23:30:38,343 [INFO] PluginManager:220 - loadIPPluginJar : add adc
2024-06-29 23:30:38,345 [INFO] IPUIPlugin:80 - create IPUIPlugin
2024-06-29 23:30:38,345 [INFO] PluginManager:220 - loadIPPluginJar : add gtzc
2024-06-29 23:30:38,346 [INFO] IPUIPlugin:80 - create IPUIPlugin
2024-06-29 23:30:38,346 [INFO] PluginManager:220 - loadIPPluginJar : add quadspi
2024-06-29 23:30:38,347 [INFO] IPUIPlugin:80 - create IPUIPlugin
2024-06-29 23:30:38,347 [INFO] PluginManager:220 - loadIPPluginJar : add aes
2024-06-29 23:30:38,348 [INFO] IPUIPlugin:80 - create IPUIPlugin
2024-06-29 23:30:38,348 [INFO] PluginManager:220 - loadIPPluginJar : add pdm2pcm
2024-06-29 23:30:38,349 [INFO] IPUIPlugin:80 - create IPUIPlugin
2024-06-29 23:30:38,349 [INFO] PluginManager:220 - loadIPPluginJar : add hash
2024-06-29 23:30:38,350 [INFO] IPUIPlugin:80 - create IPUIPlugin
2024-06-29 23:30:38,350 [INFO] PluginManager:220 - loadIPPluginJar : add tim
2024-06-29 23:30:38,351 [INFO] IPUIPlugin:80 - create IPUIPlugin
2024-06-29 23:30:38,351 [INFO] PluginManager:220 - loadIPPluginJar : add tsc
2024-06-29 23:30:38,352 [INFO] IPUIPlugin:80 - create IPUIPlugin
2024-06-29 23:30:38,352 [INFO] PluginManager:220 - loadIPPluginJar : add ts
2024-06-29 23:30:38,354 [INFO] IPUIPlugin:80 - create IPUIPlugin
2024-06-29 23:30:38,354 [INFO] PluginManager:220 - loadIPPluginJar : add can
2024-06-29 23:30:38,355 [INFO] IPUIPlugin:80 - create IPUIPlugin
2024-06-29 23:30:38,355 [INFO] PluginManager:220 - loadIPPluginJar : add dma3
2024-06-29 23:30:38,356 [INFO] IPUIPlugin:80 - create IPUIPlugin
2024-06-29 23:30:38,356 [INFO] PluginManager:220 - loadIPPluginJar : add dfsdm
2024-06-29 23:30:38,357 [INFO] IPUIPlugin:80 - create IPUIPlugin
2024-06-29 23:30:38,357 [INFO] PluginManager:220 - loadIPPluginJar : add spi
2024-06-29 23:30:38,358 [INFO] IPUIPlugin:80 - create IPUIPlugin
2024-06-29 23:30:38,358 [INFO] PluginManager:220 - loadIPPluginJar : add gfxmmu
2024-06-29 23:30:38,359 [INFO] IPUIPlugin:80 - create IPUIPlugin
2024-06-29 23:30:38,359 [INFO] PluginManager:220 - loadIPPluginJar : add genericplugin
2024-06-29 23:30:38,360 [INFO] IPUIPlugin:80 - create IPUIPlugin
2024-06-29 23:30:38,360 [INFO] PluginManager:220 - loadIPPluginJar : add cryp
2024-06-29 23:30:38,362 [INFO] IPUIPlugin:80 - create IPUIPlugin
2024-06-29 23:30:38,362 [INFO] PluginManager:220 - loadIPPluginJar : add gpio
2024-06-29 23:30:38,363 [INFO] IPUIPlugin:80 - create IPUIPlugin
2024-06-29 23:30:38,363 [INFO] PluginManager:220 - loadIPPluginJar : add comp
2024-06-29 23:30:38,364 [INFO] IPUIPlugin:80 - create IPUIPlugin
2024-06-29 23:30:38,364 [INFO] PluginManager:220 - loadIPPluginJar : add tracer_emb
2024-06-29 23:30:38,366 [INFO] IPUIPlugin:80 - create IPUIPlugin
2024-06-29 23:30:38,366 [INFO] PluginManager:220 - loadIPPluginJar : add openamp
2024-06-29 23:30:38,368 [INFO] IPUIPlugin:80 - create IPUIPlugin
2024-06-29 23:30:38,368 [INFO] PluginManager:220 - loadIPPluginJar : add stm32_wpan
2024-06-29 23:30:38,374 [INFO] IPUIPlugin:80 - create IPUIPlugin
2024-06-29 23:30:38,376 [INFO] PluginManager:220 - loadIPPluginJar : add plateformsettings
2024-06-29 23:30:38,378 [INFO] IPUIPlugin:80 - create IPUIPlugin
2024-06-29 23:30:38,378 [INFO] PluginManager:220 - loadIPPluginJar : add ipddr
2024-06-29 23:30:38,380 [INFO] IPUIPlugin:80 - create IPUIPlugin
2024-06-29 23:30:38,380 [INFO] PluginManager:220 - loadIPPluginJar : add usart
2024-06-29 23:30:38,380 [INFO] IPUIPlugin:80 - create IPUIPlugin
2024-06-29 23:30:38,380 [INFO] PluginManager:220 - loadIPPluginJar : add ltdc
2024-06-29 23:30:38,383 [INFO] IPUIPlugin:80 - create IPUIPlugin
2024-06-29 23:30:38,383 [INFO] PluginManager:220 - loadIPPluginJar : add nvic
2024-06-29 23:30:38,383 [INFO] IPUIPlugin:80 - create IPUIPlugin
2024-06-29 23:30:38,383 [INFO] PluginManager:220 - loadIPPluginJar : add fatfs
2024-06-29 23:30:38,388 [INFO] IPUIPlugin:80 - create IPUIPlugin
2024-06-29 23:30:38,388 [INFO] PluginManager:220 - loadIPPluginJar : add linkedlist
2024-06-29 23:30:38,391 [INFO] IPUIPlugin:80 - create IPUIPlugin
2024-06-29 23:30:38,391 [INFO] PluginManager:220 - loadIPPluginJar : add dma
2024-06-29 23:30:38,393 [INFO] IPUIPlugin:80 - create IPUIPlugin
2024-06-29 23:30:38,393 [INFO] PluginManager:220 - loadIPPluginJar : add fmc
2024-06-29 23:30:38,394 [INFO] IPUIPlugin:80 - create IPUIPlugin
2024-06-29 23:30:38,394 [INFO] PluginManager:220 - loadIPPluginJar : add i2s
2024-06-29 23:30:38,395 [INFO] IPUIPlugin:80 - create IPUIPlugin
2024-06-29 23:30:38,395 [INFO] PluginManager:220 - loadIPPluginJar : add ucpd
2024-06-29 23:30:38,396 [INFO] IPUIPlugin:80 - create IPUIPlugin
2024-06-29 23:30:38,397 [INFO] PluginManager:220 - loadIPPluginJar : add lorawan
2024-06-29 23:30:38,398 [INFO] IPUIPlugin:80 - create IPUIPlugin
2024-06-29 23:30:38,398 [INFO] PluginManager:220 - loadIPPluginJar : add opamp
2024-06-29 23:30:38,399 [INFO] IPUIPlugin:80 - create IPUIPlugin
2024-06-29 23:30:38,399 [INFO] PluginManager:220 - loadIPPluginJar : add i3c
2024-06-29 23:30:38,401 [INFO] IPUIPlugin:80 - create IPUIPlugin
2024-06-29 23:30:38,401 [INFO] PluginManager:220 - loadIPPluginJar : add touchsensing
2024-06-29 23:30:38,402 [INFO] IPUIPlugin:80 - create IPUIPlugin
2024-06-29 23:30:38,403 [INFO] PluginManager:220 - loadIPPluginJar : add i2c
2024-06-29 23:30:38,406 [INFO] IPUIPlugin:80 - create IPUIPlugin
2024-06-29 23:30:38,406 [INFO] PluginManager:220 - loadIPPluginJar : add resmgrutility
2024-06-29 23:30:38,410 [INFO] IPUIPlugin:80 - create IPUIPlugin
2024-06-29 23:30:38,410 [INFO] PluginManager:220 - loadIPPluginJar : add sai
2024-06-29 23:30:38,412 [INFO] IPUIPlugin:80 - create IPUIPlugin
2024-06-29 23:30:38,412 [INFO] PluginManager:220 - loadIPPluginJar : add usbx
2024-06-29 23:30:38,526 [INFO] CADModel:165 - CPN selected for project level
2024-06-29 23:30:38,527 [INFO] CADModel:114 - Register for checkConnection events
2024-06-29 23:30:38,527 [FATAL] Updater:308 - Updater called before beeing initialized
2024-06-29 23:30:38,527 [ERROR] CADModel:125 - Updater not yet initialized, retry later 
2024-06-29 23:30:38,901 [INFO] CADModel:165 - CPN selected for project level
2024-06-29 23:30:38,901 [INFO] CADModel:114 - Register for checkConnection events
2024-06-29 23:30:38,901 [FATAL] Updater:308 - Updater called before beeing initialized
2024-06-29 23:30:38,901 [ERROR] CADModel:125 - Updater not yet initialized, retry later 
2024-06-29 23:30:38,906 [FATAL] Updater:308 - Updater called before beeing initialized
2024-06-29 23:30:39,065 [FATAL] Updater:308 - Updater called before beeing initialized
2024-06-29 23:30:39,070 [INFO] DbMcusAds:53 - JSON generation date=Thu May 16 04:22:00 CDT 2024 (1715851320852)
2024-06-29 23:30:39,070 [FATAL] Updater:308 - Updater called before beeing initialized
2024-06-29 23:30:39,117 [WARN] DetailPanel:346 - Failed to get advertising image, set to default
2024-06-29 23:30:39,204 [FATAL] Updater:308 - Updater called before beeing initialized
2024-06-29 23:30:39,208 [FATAL] Updater:308 - Updater called before beeing initialized
2024-06-29 23:30:39,208 [FATAL] Updater:308 - Updater called before beeing initialized
2024-06-29 23:30:39,208 [WARN] DetailPanel:346 - Failed to get advertising image, set to default
2024-06-29 23:30:39,211 [FATAL] Updater:308 - Updater called before beeing initialized
2024-06-29 23:30:39,275 [ERROR] Updater:1120 - MainUpdater not yet initialized. External WinMGr cannot be set.
2024-06-29 23:30:39,320 [INFO] Updater:1056 - Updater Version found : 6.10.0
2024-06-29 23:30:39,332 [INFO] ApplicationProperties:184 - Using Application install path: /Applications/STM32CubeIDE.app/Contents/Eclipse/plugins/com.st.stm32cube.common.mx_6.10.0.202311202037
2024-06-29 23:30:39,845 [INFO] MainUpdater:2873 - connection check result : 10
2024-06-29 23:30:39,847 [INFO] MainUpdater:290 - Updater Check For Update Now.
2024-06-29 23:30:39,847 [INFO] MicroXplorer:498 - Change Database Version : DB.6.0.100
2024-06-29 23:30:39,852 [INFO] McuFinderGlobals:63 - Set McuFinder mode to 2 (CubeIDE integrated)
2024-06-29 23:30:40,123 [INFO] CheckServerUpdateThread:120 - End of CheckServer Thread
2024-06-29 23:30:40,386 [INFO] UserAuth:404 - Internet connection configuration mode: 1
2024-06-29 23:30:40,398 [INFO] JxBrowserEngine:152 - Initiate JxBrowser Engine with user profile folder
2024-06-29 23:30:40,976 [WARN] PackLoader:240 - Cannot read IP mode file for STMicroelectronics.FP-SNS-MOTENVWB1.1.4.0
2024-06-29 23:30:40,998 [WARN] PackLoader:240 - Cannot read IP mode file for STMicroelectronics.X-CUBE-SMBUS.2.1.0
2024-06-29 23:30:41,008 [WARN] PackLoader:240 - Cannot read IP mode file for STMicroelectronics.X-CUBE-TOUCHGFX.4.23.1
2024-06-29 23:30:41,013 [WARN] PackLoader:240 - Cannot read IP mode file for STMicroelectronics.X-CUBE-TOUCHGFX.4.23.0
2024-06-29 23:30:41,016 [WARN] PackLoader:240 - Cannot read IP mode file for STMicroelectronics.X-CUBE-TOUCHGFX.4.23.2
2024-06-29 23:30:41,087 [WARN] PackLoader:240 - Cannot read IP mode file for STMicroelectronics.X-CUBE-AZRTOS-F7.1.1.0
2024-06-29 23:30:41,138 [WARN] PackLoader:240 - Cannot read IP mode file for STMicroelectronics.FP-SNS-MOTENV1.4.3.2
2024-06-29 23:30:41,180 [WARN] PackLoader:240 - Cannot read IP mode file for STMicroelectronics.X-CUBE-BLE1.6.2.4
2024-06-29 23:30:41,206 [WARN] PackLoader:240 - Cannot read IP mode file for STMicroelectronics.FP-SNS-FLIGHT1.5.0.2
2024-06-29 23:30:41,221 [WARN] PackLoader:240 - Cannot read IP mode file for STMicroelectronics.X-CUBE-DISPLAY.3.0.0
2024-06-29 23:30:41,259 [WARN] PackLoader:240 - Cannot read IP mode file for STMicroelectronics.X-CUBE-BLE1.7.0.0
2024-06-29 23:30:41,296 [WARN] PackLoader:240 - Cannot read IP mode file for emotas.I-CUBE-CANOPEN.1.3.0
2024-06-29 23:30:41,307 [WARN] PackLoader:240 - Cannot read IP mode file for STMicroelectronics.X-CUBE-TOUCHGFX.4.22.0
2024-06-29 23:30:41,336 [WARN] PackLoader:240 - Cannot read IP mode file for STMicroelectronics.X-CUBE-BLEMGR.3.1.0
2024-06-29 23:30:41,364 [WARN] PackLoader:240 - Cannot read IP mode file for STMicroelectronics.FP-SNS-SMARTAG2.1.2.0
2024-06-29 23:30:41,396 [INFO] LogOutputStream:77 - [STDOUT_REDIRECT] 1 : Invalid condition id : UX_CORESTACK_Condition cause : null
2024-06-29 23:30:41,404 [INFO] LogOutputStream:77 - [STDOUT_REDIRECT] 1 : Invalid condition id : UX_CORESTACK_Condition cause : null
2024-06-29 23:30:41,405 [INFO] LogOutputStream:77 - [STDOUT_REDIRECT] 1 : Invalid condition id : UX_CORESTACK_Condition cause : null
2024-06-29 23:30:41,405 [INFO] LogOutputStream:77 - [STDOUT_REDIRECT] 1 : Invalid condition id : UX_CORESTACK_Condition cause : null
2024-06-29 23:30:41,409 [INFO] LogOutputStream:77 - [STDOUT_REDIRECT] 1 : Invalid condition id : UX_CORESTACK_Condition cause : null
2024-06-29 23:30:41,424 [WARN] PackLoader:240 - Cannot read IP mode file for STMicroelectronics.X-CUBE-AZRTOS-WL.2.0.0
2024-06-29 23:30:41,446 [WARN] PackLoader:240 - Cannot read IP mode file for STMicroelectronics.FP-SNS-MOTENV1.5.0.0
2024-06-29 23:30:41,484 [WARN] PackLoader:240 - Cannot read IP mode file for wolfSSL.I-CUBE-wolfMQTT.1.19.0
2024-06-29 23:30:41,499 [WARN] PackLoader:240 - Cannot read IP mode file for WES.I-CUBE-Cesium.1.3.0
2024-06-29 23:30:41,509 [WARN] PackLoader:240 - Cannot read IP mode file for STMicroelectronics.X-CUBE-BLE2.3.3.0
2024-06-29 23:30:41,524 [WARN] PackLoader:240 - Cannot read IP mode file for STMicroelectronics.X-CUBE-TCPP.4.1.0
2024-06-29 23:30:41,567 [WARN] PackLoader:240 - Cannot read IP mode file for STMicroelectronics.X-CUBE-ALGOBUILD.1.3.0
2024-06-29 23:30:41,616 [WARN] PackLoader:240 - Cannot read IP mode file for STMicroelectronics.X-CUBE-AZRTOS-G0.1.1.0
2024-06-29 23:30:41,644 [WARN] PackLoader:240 - Cannot read IP mode file for STMicroelectronics.X-CUBE-SAFEA1.1.2.2
2024-06-29 23:30:41,656 [WARN] PackLoader:240 - Cannot read IP mode file for STMicroelectronics.X-CUBE-NFC4.3.0.0
2024-06-29 23:30:41,703 [WARN] PackLoader:240 - Cannot read IP mode file for STMicroelectronics.X-CUBE-BLEMGR.3.0.0
2024-06-29 23:30:41,719 [WARN] PackLoader:240 - Cannot read IP mode file for STMicroelectronics.FP-ATR-SIGFOX1.3.2.0
2024-06-29 23:30:41,730 [WARN] PackLoader:240 - Cannot read IP mode file for STMicroelectronics.X-CUBE-EEPRMA1.5.1.0
2024-06-29 23:30:41,823 [WARN] PackLoader:240 - Cannot read IP mode file for SEGGER.I-CUBE-embOS.1.3.1
2024-06-29 23:30:41,923 [WARN] PackLoader:240 - Cannot read IP mode file for STMicroelectronics.X-CUBE-ALGOBUILD.1.4.0
2024-06-29 23:30:41,951 [WARN] PackLoader:240 - Cannot read IP mode file for STMicroelectronics.X-CUBE-GNSS1.6.0.0
2024-06-29 23:30:42,001 [WARN] PackLoader:240 - Cannot read IP mode file for STMicroelectronics.X-CUBE-AZRTOS-F4.1.1.0
2024-06-29 23:30:42,028 [WARN] PackLoader:240 - Cannot read IP mode file for wolfSSL.I-CUBE-wolfSSL.5.6.3
2024-06-29 23:30:42,059 [WARN] PackLoader:240 - Cannot read IP mode file for STMicroelectronics.X-CUBE-FREERTOS.1.2.0
2024-06-29 23:30:42,103 [WARN] PackLoader:240 - Cannot read IP mode file for STMicroelectronics.X-CUBE-AZRTOS-L5.2.0.0
2024-06-29 23:30:42,207 [WARN] PackLoader:240 - Cannot read IP mode file for STMicroelectronics.X-CUBE-MEMS1.9.6.0
2024-06-29 23:30:42,380 [WARN] PackLoader:240 - Cannot read IP mode file for STMicroelectronics.X-CUBE-EEPRMA1.4.2.0
2024-06-29 23:30:42,398 [WARN] PackLoader:240 - Cannot read IP mode file for STMicroelectronics.X-CUBE-NFC6.3.1.0
2024-06-29 23:30:42,438 [WARN] PackLoader:240 - Cannot read IP mode file for ITTIA_DB.I-CUBE-ITTIADB.8.8.0
2024-06-29 23:30:42,454 [WARN] PackLoader:240 - Cannot read IP mode file for STMicroelectronics.X-CUBE-BLEMGR.2.0.0
2024-06-29 23:30:42,470 [WARN] PackLoader:240 - Cannot read IP mode file for STMicroelectronics.X-CUBE-AI.9.0.0
2024-06-29 23:30:42,490 [WARN] ConditionMgr:438 - getConditionDescription Invalid condition id : UX DEVICE CLASS RTOS Condition cause : null
2024-06-29 23:30:42,491 [WARN] ConditionMgr:438 - getConditionDescription Invalid condition id : UX DEVICE CLASS RTOS Condition cause : null
2024-06-29 23:30:42,499 [WARN] PackLoader:240 - Cannot read IP mode file for STMicroelectronics.X-CUBE-AZRTOS-H7.3.1.0
2024-06-29 23:30:42,503 [WARN] ConditionMgr:1039 - genDependencies : Invalid condition id : UX DEVICE CLASS RTOS Condition cause : null
2024-06-29 23:30:42,504 [WARN] ConditionMgr:1039 - genDependencies : Invalid condition id : UX DEVICE CLASS RTOS Condition cause : null
2024-06-29 23:30:42,505 [WARN] ConditionMgr:1039 - genDependencies : Invalid condition id : UX DEVICE CLASS RTOS Condition cause : null
2024-06-29 23:30:42,506 [WARN] ConditionMgr:1039 - genDependencies : Invalid condition id : UX DEVICE CLASS RTOS Condition cause : null
2024-06-29 23:30:42,506 [WARN] ConditionMgr:1039 - genDependencies : Invalid condition id : UX DEVICE CLASS RTOS Condition cause : null
2024-06-29 23:30:42,514 [WARN] PackLoader:240 - Cannot read IP mode file for STMicroelectronics.X-CUBE-NFC7.1.0.1
2024-06-29 23:30:42,525 [WARN] PackLoader:240 - Cannot read IP mode file for STMicroelectronics.X-CUBE-NFC6.3.0.0
2024-06-29 23:30:42,538 [WARN] PackLoader:240 - Cannot read IP mode file for STMicroelectronics.X-CUBE-EEPRMA1.4.1.0
2024-06-29 23:30:42,544 [WARN] PackLoader:240 - Cannot read IP mode file for STMicroelectronics.X-CUBE-AI.8.1.0
2024-06-29 23:30:42,565 [WARN] ConditionMgr:438 - getConditionDescription Invalid condition id : LAN8742 Phy interface Condition cause : null
2024-06-29 23:30:42,566 [WARN] PackLoader:240 - Cannot read IP mode file for STMicroelectronics.X-CUBE-AZRTOS-L4.2.0.0
2024-06-29 23:30:42,568 [WARN] ConditionMgr:1039 - genDependencies : Invalid condition id : LAN8742 Phy interface Condition cause : null
2024-06-29 23:30:42,569 [WARN] ConditionMgr:1039 - genDependencies : Invalid condition id : LAN8742 Phy interface Condition cause : null
2024-06-29 23:30:42,570 [WARN] ConditionMgr:1039 - genDependencies : Invalid condition id : LAN8742 Phy interface Condition cause : null
2024-06-29 23:30:42,576 [WARN] PackLoader:240 - Cannot read IP mode file for STMicroelectronics.X-CUBE-SFXS2LP1.4.0.0
2024-06-29 23:30:42,582 [WARN] PackLoader:240 - Cannot read IP mode file for STMicroelectronics.X-CUBE-ISPU.1.1.0
2024-06-29 23:30:42,593 [WARN] ConditionMgr:438 - getConditionDescription Invalid condition id : UX DEVICE CLASS RTOS Condition cause : null
2024-06-29 23:30:42,594 [WARN] ConditionMgr:438 - getConditionDescription Invalid condition id : UX DEVICE CLASS RTOS Condition cause : null
2024-06-29 23:30:42,597 [WARN] PackLoader:240 - Cannot read IP mode file for STMicroelectronics.X-CUBE-AZRTOS-WB.2.0.0
2024-06-29 23:30:42,598 [WARN] ConditionMgr:1039 - genDependencies : Invalid condition id : UX DEVICE CLASS RTOS Condition cause : null
2024-06-29 23:30:42,599 [WARN] ConditionMgr:1039 - genDependencies : Invalid condition id : UX DEVICE CLASS RTOS Condition cause : null
2024-06-29 23:30:42,601 [WARN] ConditionMgr:1039 - genDependencies : Invalid condition id : UX DEVICE CLASS RTOS Condition cause : null
2024-06-29 23:30:42,602 [WARN] ConditionMgr:1039 - genDependencies : Invalid condition id : UX DEVICE CLASS RTOS Condition cause : null
2024-06-29 23:30:42,602 [WARN] ConditionMgr:1039 - genDependencies : Invalid condition id : UX DEVICE CLASS RTOS Condition cause : null
2024-06-29 23:30:42,609 [WARN] PackLoader:240 - Cannot read IP mode file for STMicroelectronics.X-CUBE-FREERTOS.1.0.1
2024-06-29 23:30:42,623 [WARN] PackLoader:240 - Cannot read IP mode file for STMicroelectronics.X-CUBE-AZRTOS-L5.1.1.0
2024-06-29 23:30:42,633 [WARN] PackLoader:240 - Cannot read IP mode file for STMicroelectronics.X-CUBE-AI.8.0.1
2024-06-29 23:30:42,644 [WARN] PackLoader:240 - Cannot read IP mode file for STMicroelectronics.X-CUBE-SUBG2.5.0.0
2024-06-29 23:30:42,654 [WARN] PackLoader:240 - Cannot read IP mode file for Cesanta.I-CUBE-Mongoose.7.13.0
2024-06-29 23:30:42,663 [WARN] PackLoader:240 - Cannot read IP mode file for STMicroelectronics.X-CUBE-TOF1.3.3.1
2024-06-29 23:30:42,684 [WARN] PackLoader:240 - Cannot read IP mode file for STMicroelectronics.X-CUBE-AZRTOS-G4.2.0.0
2024-06-29 23:30:42,707 [WARN] PackLoader:240 - Cannot read IP mode file for Infineon.AIROC-Wi-Fi-Bluetooth-STM32.1.5.1
2024-06-29 23:30:42,716 [WARN] PackLoader:240 - Cannot read IP mode file for STMicroelectronics.FP-SNS-MOTENVWB1.1.3.1
2024-06-29 23:30:42,727 [WARN] PackLoader:240 - Cannot read IP mode file for STMicroelectronics.X-CUBE-ISPU.2.0.0
2024-06-29 23:30:42,732 [WARN] PackLoader:240 - Cannot read IP mode file for STMicroelectronics.X-CUBE-ALS.1.0.2
2024-06-29 23:30:42,789 [WARN] PackLoader:240 - Cannot read IP mode file for STMicroelectronics.X-CUBE-MEMS1.10.0.0
2024-06-29 23:30:42,890 [WARN] PackLoader:240 - Cannot read IP mode file for STMicroelectronics.X-CUBE-FREERTOS.1.1.0
2024-06-29 23:30:42,895 [WARN] PackLoader:240 - Cannot read IP mode file for STMicroelectronics.X-CUBE-TOUCHGFX.4.24.0
2024-06-29 23:30:42,904 [WARN] PackLoader:240 - Cannot read IP mode file for portGmbH.I-Cube-SoM-uGOAL.1.1.0
2024-06-29 23:30:42,908 [WARN] PackLoader:240 - Cannot read IP mode file for STMicroelectronics.X-CUBE-ALS.1.0.1
2024-06-29 23:30:42,920 [WARN] PackLoader:240 - Cannot read IP mode file for STMicroelectronics.X-CUBE-AZRTOS-WB.1.1.0
2024-06-29 23:30:42,944 [WARN] PackLoader:240 - Cannot read IP mode file for STMicroelectronics.X-CUBE-AZRTOS-H7RS.1.0.0
2024-06-29 23:30:42,952 [WARN] PackLoader:240 - Cannot read IP mode file for STMicroelectronics.FP-ATR-ASTRA1.2.0.0
2024-06-29 23:30:42,964 [WARN] PackLoader:240 - Cannot read IP mode file for STMicroelectronics.X-CUBE-TOF1.3.4.0
2024-06-29 23:30:42,987 [WARN] PackLoader:240 - Cannot read IP mode file for STMicroelectronics.X-CUBE-TOF1.3.4.1
2024-06-29 23:30:43,030 [WARN] PackLoader:240 - Cannot read IP mode file for STMicroelectronics.X-CUBE-AZRTOS-H7.3.2.0
2024-06-29 23:30:43,038 [INFO] ThirdParty:978 - Integrity check success = true
2024-06-29 23:30:43,038 [INFO] IntegrityCheckThread:100 - exiting critical section [integrity check]
2024-06-29 23:30:43,038 [INFO] IntegrityCheckThread:103 - End integrity checks thread
2024-06-29 23:30:46,290 [INFO] WebApp:161 - Instantiating new browser for Auth
2024-06-29 23:30:48,087 [INFO] WebApp:780 - Register for checkConnection events
2024-06-29 23:30:48,089 [INFO] WebApp:414 - Apply proxy settings
2024-06-29 23:30:48,102 [INFO] WebApp:459 - Chromium authenticates against Manually configured proxy
2024-06-29 23:30:48,126 [INFO] WebApp:467 - Username used for proxy authentication: 
2024-06-29 23:30:48,304 [INFO] WebApp:192 - Starting web application
2024-06-29 23:30:48,305 [INFO] WebApp:544 - Web application path used /Applications/STM32CubeIDE.app/Contents/Eclipse/plugins/com.st.stm32cube.common.mx_6.10.0.202311202037/db/plugins/mcufinder/reactClient1/index.html
2024-06-29 23:31:10,676 [ERROR] LogOutputStream:75 - [STDERR_REDIRECT] SLF4J: Failed to load class "org.slf4j.impl.StaticLoggerBinder".
2024-06-29 23:31:10,679 [ERROR] LogOutputStream:75 - [STDERR_REDIRECT] SLF4J: Defaulting to no-operation (NOP) logger implementation
2024-06-29 23:31:10,679 [ERROR] LogOutputStream:75 - [STDERR_REDIRECT] SLF4J: See http://www.slf4j.org/codes.html#StaticLoggerBinder for further details.
